21:37:50 DEBUG : Logs will be stored at 'D:/workspace/Xilinx/5-2_blink_zq/IDE.log'.
21:37:56 INFO  : Registering command handlers for Vitis TCF services
21:37:56 INFO  : Launching XSCT server: xsct.bat -n  -interactive D:\workspace\Xilinx\5-2_blink_zq\temp_xsdb_launch_script.tcl
21:37:56 INFO  : Platform repository initialization has completed.
21:38:00 INFO  : XSCT server has started successfully.
21:38:02 INFO  : Successfully done setting XSCT server connection channel  
21:38:02 INFO  : plnx-install-location is set to ''
21:38:02 INFO  : Successfully done query RDI_DATADIR 
21:38:02 INFO  : Successfully done setting workspace for the tool. 
21:39:02 INFO  : Result from executing command 'getProjects': blink_zq_platform
21:39:02 INFO  : Result from executing command 'getPlatforms': 
21:40:11 INFO  : Result from executing command 'getProjects': blink_zq_platform
21:40:12 INFO  : Result from executing command 'getPlatforms': blink_zq_platform|D:/workspace/Xilinx/5-2_blink_zq/blink_zq_platform/export/blink_zq_platform/blink_zq_platform.xpfm
21:43:53 INFO  : Checking for BSP changes to sync application flags for project 'led_test'...
21:44:34 INFO  : Connected to target on host '127.0.0.1' and port '3121'.
21:44:36 INFO  : Jtag cable 'Digilent Zybo Z7 210351B7BE82A' is selected.
21:44:36 INFO  : 'jtag frequency' command is executed.
21:44:36 INFO  : Context for 'APU' is selected.
21:44:36 INFO  : System reset is completed.
21:44:39 INFO  : 'after 3000' command is executed.
21:44:39 INFO  : 'targets -set -filter {jtag_cable_name =~ "Digilent Zybo Z7 210351B7BE82A" && level==0 && jtag_device_ctx=="jsn-Zybo Z7-210351B7BE82A-23727093-0"}' command is executed.
21:44:41 INFO  : Device configured successfully with "D:/workspace/Xilinx/5-2_blink_zq/led_test/_ide/bitstream/design_1_wrapper.bit"
21:44:42 INFO  : Context for 'APU' is selected.
21:44:42 INFO  : Hardware design and registers information is loaded from 'D:/workspace/Xilinx/5-2_blink_zq/blink_zq_platform/export/blink_zq_platform/hw/design_1_wrapper.xsa'.
21:44:42 INFO  : 'configparams force-mem-access 1' command is executed.
21:44:42 INFO  : Context for 'APU' is selected.
21:44:42 INFO  : Sourcing of 'D:/workspace/Xilinx/5-2_blink_zq/led_test/_ide/psinit/ps7_init.tcl' is done.
21:44:42 INFO  : 'ps7_init' command is executed.
21:44:42 INFO  : 'ps7_post_config' command is executed.
21:44:42 INFO  : Context for processor 'ps7_cortexa9_0' is selected.
21:44:42 INFO  : The application 'D:/workspace/Xilinx/5-2_blink_zq/led_test/Debug/led_test.elf' is downloaded to processor 'ps7_cortexa9_0'.
21:44:42 INFO  : 'configparams force-mem-access 0' command is executed.
21:44:42 INFO  : ----------------XSDB Script----------------
connect -url tcp:127.0.0.1:3121
targets -set -nocase -filter {name =~"APU*"}
rst -system
after 3000
targets -set -filter {jtag_cable_name =~ "Digilent Zybo Z7 210351B7BE82A" && level==0 && jtag_device_ctx=="jsn-Zybo Z7-210351B7BE82A-23727093-0"}
fpga -file D:/workspace/Xilinx/5-2_blink_zq/led_test/_ide/bitstream/design_1_wrapper.bit
targets -set -nocase -filter {name =~"APU*"}
loadhw -hw D:/workspace/Xilinx/5-2_blink_zq/blink_zq_platform/export/blink_zq_platform/hw/design_1_wrapper.xsa -mem-ranges [list {0x40000000 0xbfffffff}] -regs
configparams force-mem-access 1
targets -set -nocase -filter {name =~"APU*"}
source D:/workspace/Xilinx/5-2_blink_zq/led_test/_ide/psinit/ps7_init.tcl
ps7_init
ps7_post_config
targets -set -nocase -filter {name =~ "*A9*#0"}
dow D:/workspace/Xilinx/5-2_blink_zq/led_test/Debug/led_test.elf
configparams force-mem-access 0
----------------End of Script----------------

21:44:43 INFO  : Context for processor 'ps7_cortexa9_0' is selected.
21:44:43 INFO  : 'con' command is executed.
21:44:43 INFO  : ----------------XSDB Script (After Launch)----------------
targets -set -nocase -filter {name =~ "*A9*#0"}
con
----------------End of Script----------------

21:44:43 INFO  : Launch script is exported to file 'D:\workspace\Xilinx\5-2_blink_zq\led_test_system\_ide\scripts\debugger_led_test-default.tcl'
21:45:12 INFO  : Checking for BSP changes to sync application flags for project 'led_test'...
21:45:19 INFO  : Disconnected from the channel tcfchan#2.
21:45:41 INFO  : Connected to target on host '127.0.0.1' and port '3121'.
21:45:42 INFO  : Jtag cable 'Digilent Zybo Z7 210351B7BE82A' is selected.
21:45:42 INFO  : 'jtag frequency' command is executed.
21:45:42 INFO  : Context for 'APU' is selected.
21:45:42 INFO  : System reset is completed.
21:45:45 INFO  : 'after 3000' command is executed.
21:45:45 INFO  : 'targets -set -filter {jtag_cable_name =~ "Digilent Zybo Z7 210351B7BE82A" && level==0 && jtag_device_ctx=="jsn-Zybo Z7-210351B7BE82A-23727093-0"}' command is executed.
21:45:48 INFO  : Device configured successfully with "D:/workspace/Xilinx/5-2_blink_zq/led_test/_ide/bitstream/design_1_wrapper.bit"
21:45:48 INFO  : Context for 'APU' is selected.
21:45:48 INFO  : Hardware design and registers information is loaded from 'D:/workspace/Xilinx/5-2_blink_zq/blink_zq_platform/export/blink_zq_platform/hw/design_1_wrapper.xsa'.
21:45:48 INFO  : 'configparams force-mem-access 1' command is executed.
21:45:48 INFO  : Context for 'APU' is selected.
21:45:48 INFO  : Sourcing of 'D:/workspace/Xilinx/5-2_blink_zq/led_test/_ide/psinit/ps7_init.tcl' is done.
21:45:48 INFO  : 'ps7_init' command is executed.
21:45:48 INFO  : 'ps7_post_config' command is executed.
21:45:48 INFO  : Context for processor 'ps7_cortexa9_0' is selected.
21:45:49 INFO  : The application 'D:/workspace/Xilinx/5-2_blink_zq/led_test/Debug/led_test.elf' is downloaded to processor 'ps7_cortexa9_0'.
21:45:49 INFO  : 'configparams force-mem-access 0' command is executed.
21:45:49 INFO  : ----------------XSDB Script----------------
connect -url tcp:127.0.0.1:3121
targets -set -nocase -filter {name =~"APU*"}
rst -system
after 3000
targets -set -filter {jtag_cable_name =~ "Digilent Zybo Z7 210351B7BE82A" && level==0 && jtag_device_ctx=="jsn-Zybo Z7-210351B7BE82A-23727093-0"}
fpga -file D:/workspace/Xilinx/5-2_blink_zq/led_test/_ide/bitstream/design_1_wrapper.bit
targets -set -nocase -filter {name =~"APU*"}
loadhw -hw D:/workspace/Xilinx/5-2_blink_zq/blink_zq_platform/export/blink_zq_platform/hw/design_1_wrapper.xsa -mem-ranges [list {0x40000000 0xbfffffff}] -regs
configparams force-mem-access 1
targets -set -nocase -filter {name =~"APU*"}
source D:/workspace/Xilinx/5-2_blink_zq/led_test/_ide/psinit/ps7_init.tcl
ps7_init
ps7_post_config
targets -set -nocase -filter {name =~ "*A9*#0"}
dow D:/workspace/Xilinx/5-2_blink_zq/led_test/Debug/led_test.elf
configparams force-mem-access 0
----------------End of Script----------------

21:45:49 INFO  : Context for processor 'ps7_cortexa9_0' is selected.
21:45:49 INFO  : 'con' command is executed.
21:45:49 INFO  : ----------------XSDB Script (After Launch)----------------
targets -set -nocase -filter {name =~ "*A9*#0"}
con
----------------End of Script----------------

21:45:49 INFO  : Launch script is exported to file 'D:\workspace\Xilinx\5-2_blink_zq\led_test_system\_ide\scripts\debugger_led_test-default.tcl'
22:18:03 INFO  : Disconnected from the channel tcfchan#4.
