

================================================================
== Vitis HLS Report for 'avg_min_max'
================================================================
* Date:           Thu Aug 10 11:10:57 2023

* Version:        2023.1.1 (Build 3869133 on Jun 15 2023)
* Project:        avg_min_max
* Solution:       solution1 (Vivado IP Flow Target)
* Product family: zynq
* Target device:  xc7z010i-clg225-1L


================================================================
== Performance Estimates
================================================================
+ Timing: 
    * Summary: 
    +--------+----------+----------+------------+
    |  Clock |  Target  | Estimated| Uncertainty|
    +--------+----------+----------+------------+
    |ap_clk  |  10.00 ns|  6.792 ns|     2.70 ns|
    +--------+----------+----------+------------+

+ Latency: 
    * Summary: 
    +---------+---------+----------+----------+-----+-----+---------+
    |  Latency (cycles) |  Latency (absolute) |  Interval | Pipeline|
    |   min   |   max   |    min   |    max   | min | max |   Type  |
    +---------+---------+----------+----------+-----+-----+---------+
    |       21|       21|  0.210 us|  0.210 us|   22|   22|       no|
    +---------+---------+----------+----------+-----+-----+---------+

    + Detail: 
        * Instance: 
        +--------------------------------------------------+---------------------------------------+---------+---------+----------+----------+-----+-----+---------+
        |                                                  |                                       |  Latency (cycles) |  Latency (absolute) |  Interval | Pipeline|
        |                     Instance                     |                 Module                |   min   |   max   |    min   |    max   | min | max |   Type  |
        +--------------------------------------------------+---------------------------------------+---------+---------+----------+----------+-----+-----+---------+
        |grp_avg_min_max_Pipeline_avg_min_max_loop_fu_107  |avg_min_max_Pipeline_avg_min_max_loop  |       17|       17|  0.170 us|  0.170 us|   17|   17|       no|
        +--------------------------------------------------+---------------------------------------+---------+---------+----------+----------+-----+-----+---------+

        * Loop: 
        N/A



================================================================
== Utilization Estimates
================================================================
* Summary: 
+-----------------+---------+----+-------+-------+-----+
|       Name      | BRAM_18K| DSP|   FF  |  LUT  | URAM|
+-----------------+---------+----+-------+-------+-----+
|DSP              |        -|   -|      -|      -|    -|
|Expression       |        -|   -|      -|      -|    -|
|FIFO             |        -|   -|      -|      -|    -|
|Instance         |        0|   -|    238|    419|    -|
|Memory           |        -|   -|      -|      -|    -|
|Multiplexer      |        -|   -|      -|     59|    -|
|Register         |        -|   -|     22|      -|    -|
+-----------------+---------+----+-------+-------+-----+
|Total            |        0|   0|    260|    478|    0|
+-----------------+---------+----+-------+-------+-----+
|Available        |      120|  80|  35200|  17600|    0|
+-----------------+---------+----+-------+-------+-----+
|Utilization (%)  |        0|   0|     ~0|      2|    0|
+-----------------+---------+----+-------+-------+-----+

+ Detail: 
    * Instance: 
    +--------------------------------------------------+---------------------------------------+---------+----+-----+-----+-----+
    |                     Instance                     |                 Module                | BRAM_18K| DSP|  FF | LUT | URAM|
    +--------------------------------------------------+---------------------------------------+---------+----+-----+-----+-----+
    |grp_avg_min_max_Pipeline_avg_min_max_loop_fu_107  |avg_min_max_Pipeline_avg_min_max_loop  |        0|   0|   56|  209|    0|
    |control_s_axi_U                                   |control_s_axi                          |        0|   0|  182|  210|    0|
    +--------------------------------------------------+---------------------------------------+---------+----+-----+-----+-----+
    |Total                                             |                                       |        0|   0|  238|  419|    0|
    +--------------------------------------------------+---------------------------------------+---------+----+-----+-----+-----+

    * DSP: 
    N/A

    * Memory: 
    N/A

    * FIFO: 
    N/A

    * Expression: 
    N/A

    * Multiplexer: 
    +------------+----+-----------+-----+-----------+
    |    Name    | LUT| Input Size| Bits| Total Bits|
    +------------+----+-----------+-----+-----------+
    |a_address0  |  14|          3|    4|         12|
    |a_ce0       |  14|          3|    1|          3|
    |ap_NS_fsm   |  31|          6|    1|          6|
    +------------+----+-----------+-----+-----------+
    |Total       |  59|         12|    6|         21|
    +------------+----+-----------+-----+-----------+

    * Register: 
    +---------------------------------------------------------------+----+----+-----+-----------+
    |                              Name                             | FF | LUT| Bits| Const Bits|
    +---------------------------------------------------------------+----+----+-----+-----------+
    |ap_CS_fsm                                                      |   5|   0|    5|          0|
    |grp_avg_min_max_Pipeline_avg_min_max_loop_fu_107_ap_start_reg  |   1|   0|    1|          0|
    |sum_reg_166                                                    |  16|   0|   16|          0|
    +---------------------------------------------------------------+----+----+-----+-----------+
    |Total                                                          |  22|   0|   22|          0|
    +---------------------------------------------------------------+----+----+-----+-----------+



================================================================
== Interface
================================================================
* Summary: 
+-----------------------+-----+-----+------------+--------------+--------------+
|       RTL Ports       | Dir | Bits|  Protocol  | Source Object|    C Type    |
+-----------------------+-----+-----+------------+--------------+--------------+
|s_axi_control_AWVALID  |   in|    1|       s_axi|       control|       pointer|
|s_axi_control_AWREADY  |  out|    1|       s_axi|       control|       pointer|
|s_axi_control_AWADDR   |   in|    7|       s_axi|       control|       pointer|
|s_axi_control_WVALID   |   in|    1|       s_axi|       control|       pointer|
|s_axi_control_WREADY   |  out|    1|       s_axi|       control|       pointer|
|s_axi_control_WDATA    |   in|   32|       s_axi|       control|       pointer|
|s_axi_control_WSTRB    |   in|    4|       s_axi|       control|       pointer|
|s_axi_control_ARVALID  |   in|    1|       s_axi|       control|       pointer|
|s_axi_control_ARREADY  |  out|    1|       s_axi|       control|       pointer|
|s_axi_control_ARADDR   |   in|    7|       s_axi|       control|       pointer|
|s_axi_control_RVALID   |  out|    1|       s_axi|       control|       pointer|
|s_axi_control_RREADY   |   in|    1|       s_axi|       control|       pointer|
|s_axi_control_RDATA    |  out|   32|       s_axi|       control|       pointer|
|s_axi_control_RRESP    |  out|    2|       s_axi|       control|       pointer|
|s_axi_control_BVALID   |  out|    1|       s_axi|       control|       pointer|
|s_axi_control_BREADY   |   in|    1|       s_axi|       control|       pointer|
|s_axi_control_BRESP    |  out|    2|       s_axi|       control|       pointer|
|ap_clk                 |   in|    1|  ap_ctrl_hs|   avg_min_max|  return value|
|ap_rst_n               |   in|    1|  ap_ctrl_hs|   avg_min_max|  return value|
|interrupt              |  out|    1|  ap_ctrl_hs|   avg_min_max|  return value|
+-----------------------+-----+-----+------------+--------------+--------------+

