

================================================================
== Vitis HLS Report for 'patblt_Pipeline_height_loop_width_loop'
================================================================
* Date:           Thu Aug 10 21:09:07 2023

* Version:        2023.1.1 (Build 3869133 on Jun 15 2023)
* Project:        patblt
* Solution:       solution1 (Vivado IP Flow Target)
* Product family: zynq
* Target device:  xc7z020-clg400-1


================================================================
== Performance Estimates
================================================================
+ Timing: 
    * Summary: 
    +--------+----------+----------+------------+
    |  Clock |  Target  | Estimated| Uncertainty|
    +--------+----------+----------+------------+
    |ap_clk  |  10.00 ns|  7.300 ns|     2.70 ns|
    +--------+----------+----------+------------+

+ Latency: 
    * Summary: 
    +---------+---------+----------+----------+-----+--------+---------+
    |  Latency (cycles) |  Latency (absolute) |   Interval   | Pipeline|
    |   min   |   max   |    min   |    max   | min |   max  |   Type  |
    +---------+---------+----------+----------+-----+--------+---------+
    |       10|   307209|  0.100 us|  3.072 ms|   10|  307209|       no|
    +---------+---------+----------+----------+-----+--------+---------+

    + Detail: 
        * Instance: 
        N/A

        * Loop: 
        +--------------------------+---------+---------+----------+-----------+-----------+------------+----------+
        |                          |  Latency (cycles) | Iteration|  Initiation Interval  |    Trip    |          |
        |         Loop Name        |   min   |   max   |  Latency |  achieved |   target  |    Count   | Pipelined|
        +--------------------------+---------+---------+----------+-----------+-----------+------------+----------+
        |- height_loop_width_loop  |        8|   307207|         9|          1|          1|  1 ~ 307200|       yes|
        +--------------------------+---------+---------+----------+-----------+-----------+------------+----------+



================================================================
== Utilization Estimates
================================================================
* Summary: 
+-----------------+---------+-----+--------+-------+-----+
|       Name      | BRAM_18K| DSP |   FF   |  LUT  | URAM|
+-----------------+---------+-----+--------+-------+-----+
|DSP              |        -|    -|       -|      -|    -|
|Expression       |        -|    -|       0|    268|    -|
|FIFO             |        -|    -|       -|      -|    -|
|Instance         |        -|    -|       -|      -|    -|
|Memory           |        -|    -|       -|      -|    -|
|Multiplexer      |        -|    -|       -|     81|    -|
|Register         |        -|    -|     172|      -|    -|
+-----------------+---------+-----+--------+-------+-----+
|Total            |        0|    0|     172|    349|    0|
+-----------------+---------+-----+--------+-------+-----+
|Available        |      280|  220|  106400|  53200|    0|
+-----------------+---------+-----+--------+-------+-----+
|Utilization (%)  |        0|    0|      ~0|     ~0|    0|
+-----------------+---------+-----+--------+-------+-----+

+ Detail: 
    * Instance: 
    N/A

    * DSP: 
    N/A

    * Memory: 
    N/A

    * FIFO: 
    N/A

    * Expression: 
    +---------------------------+----------+----+---+----+------------+------------+
    |       Variable Name       | Operation| DSP| FF| LUT| Bitwidth P0| Bitwidth P1|
    +---------------------------+----------+----+---+----+------------+------------+
    |add_ln11_1_fu_191_p2       |         +|   0|  0|  27|          20|           1|
    |add_ln11_2_fu_216_p2       |         +|   0|  0|  13|          10|           1|
    |add_ln11_fu_234_p2         |         +|   0|  0|  12|          11|          11|
    |add_ln13_1_fu_264_p2       |         +|   0|  0|  26|          19|          19|
    |add_ln13_2_fu_323_p2       |         +|   0|  0|  71|          64|          64|
    |add_ln13_3_fu_305_p2       |         +|   0|  0|  28|          21|          21|
    |add_ln13_fu_255_p2         |         +|   0|  0|  12|          11|          11|
    |x_1_fu_270_p2              |         +|   0|  0|  13|          10|           1|
    |ap_block_pp0_stage0_01001  |       and|   0|  0|   2|           1|           1|
    |icmp_ln11_fu_186_p2        |      icmp|   0|  0|  27|          20|          20|
    |icmp_ln12_fu_203_p2        |      icmp|   0|  0|  13|          10|          10|
    |ap_block_pp0_stage0_11001  |        or|   0|  0|   2|           1|           1|
    |select_ln11_1_fu_222_p3    |    select|   0|  0|  10|           1|          10|
    |select_ln11_fu_208_p3      |    select|   0|  0|  10|           1|           1|
    |ap_enable_pp0              |       xor|   0|  0|   2|           1|           2|
    +---------------------------+----------+----+---+----+------------+------------+
    |Total                      |          |   0|  0| 268|         201|         174|
    +---------------------------+----------+----+---+----+------------+------------+

    * Multiplexer: 
    +-------------------------+----+-----------+-----+-----------+
    |           Name          | LUT| Input Size| Bits| Total Bits|
    +-------------------------+----+-----------+-----+-----------+
    |ap_done_int              |   9|          2|    1|          2|
    |ap_enable_reg_pp0_iter1  |   9|          2|    1|          2|
    |ap_enable_reg_pp0_iter2  |   9|          2|    1|          2|
    |gmem_blk_n_AW            |   9|          2|    1|          2|
    |gmem_blk_n_B             |   9|          2|    1|          2|
    |gmem_blk_n_W             |   9|          2|    1|          2|
    |indvar_flatten_fu_104    |   9|          2|   20|         40|
    |x_fu_96                  |   9|          2|   10|         20|
    |y_fu_100                 |   9|          2|   10|         20|
    +-------------------------+----+-----------+-----+-----------+
    |Total                    |  81|         18|   46|         92|
    +-------------------------+----+-----------+-----+-----------+

    * Register: 
    +----------------------------------+----+----+-----+-----------+
    |               Name               | FF | LUT| Bits| Const Bits|
    +----------------------------------+----+----+-----+-----------+
    |add_ln11_reg_403                  |  11|   0|   11|          0|
    |add_ln13_1_reg_408                |  19|   0|   19|          0|
    |ap_CS_fsm                         |   1|   0|    1|          0|
    |ap_done_reg                       |   1|   0|    1|          0|
    |ap_enable_reg_pp0_iter1           |   1|   0|    1|          0|
    |ap_enable_reg_pp0_iter2           |   1|   0|    1|          0|
    |ap_enable_reg_pp0_iter3           |   1|   0|    1|          0|
    |ap_enable_reg_pp0_iter4           |   1|   0|    1|          0|
    |ap_enable_reg_pp0_iter5           |   1|   0|    1|          0|
    |ap_enable_reg_pp0_iter6           |   1|   0|    1|          0|
    |ap_enable_reg_pp0_iter7           |   1|   0|    1|          0|
    |ap_enable_reg_pp0_iter8           |   1|   0|    1|          0|
    |ap_enable_reg_pp0_iter9           |   1|   0|    1|          0|
    |ap_loop_exit_ready_pp0_iter2_reg  |   1|   0|    1|          0|
    |ap_loop_exit_ready_pp0_iter3_reg  |   1|   0|    1|          0|
    |ap_loop_exit_ready_pp0_iter4_reg  |   1|   0|    1|          0|
    |ap_loop_exit_ready_pp0_iter5_reg  |   1|   0|    1|          0|
    |ap_loop_exit_ready_pp0_iter6_reg  |   1|   0|    1|          0|
    |ap_loop_exit_ready_pp0_iter7_reg  |   1|   0|    1|          0|
    |ap_loop_exit_ready_pp0_iter8_reg  |   1|   0|    1|          0|
    |gmem_addr_reg_413                 |  64|   0|   64|          0|
    |indvar_flatten_fu_104             |  20|   0|   20|          0|
    |x_fu_96                           |  10|   0|   10|          0|
    |y_fu_100                          |  10|   0|   10|          0|
    |ypos_cast_cast_reg_394            |  10|   0|   11|          1|
    |zext_ln11_cast_reg_389            |  10|   0|   11|          1|
    +----------------------------------+----+----+-----+-----------+
    |Total                             | 172|   0|  174|          2|
    +----------------------------------+----+----+-----+-----------+



================================================================
== Interface
================================================================
* Summary: 
+---------------------+-----+-----+------------+----------------------------------------+--------------+
|      RTL Ports      | Dir | Bits|  Protocol  |              Source Object             |    C Type    |
+---------------------+-----+-----+------------+----------------------------------------+--------------+
|ap_clk               |   in|    1|  ap_ctrl_hs|  patblt_Pipeline_height_loop_width_loop|  return value|
|ap_rst               |   in|    1|  ap_ctrl_hs|  patblt_Pipeline_height_loop_width_loop|  return value|
|ap_start             |   in|    1|  ap_ctrl_hs|  patblt_Pipeline_height_loop_width_loop|  return value|
|ap_done              |  out|    1|  ap_ctrl_hs|  patblt_Pipeline_height_loop_width_loop|  return value|
|ap_idle              |  out|    1|  ap_ctrl_hs|  patblt_Pipeline_height_loop_width_loop|  return value|
|ap_ready             |  out|    1|  ap_ctrl_hs|  patblt_Pipeline_height_loop_width_loop|  return value|
|m_axi_gmem_AWVALID   |  out|    1|       m_axi|                                    gmem|       pointer|
|m_axi_gmem_AWREADY   |   in|    1|       m_axi|                                    gmem|       pointer|
|m_axi_gmem_AWADDR    |  out|   64|       m_axi|                                    gmem|       pointer|
|m_axi_gmem_AWID      |  out|    1|       m_axi|                                    gmem|       pointer|
|m_axi_gmem_AWLEN     |  out|   32|       m_axi|                                    gmem|       pointer|
|m_axi_gmem_AWSIZE    |  out|    3|       m_axi|                                    gmem|       pointer|
|m_axi_gmem_AWBURST   |  out|    2|       m_axi|                                    gmem|       pointer|
|m_axi_gmem_AWLOCK    |  out|    2|       m_axi|                                    gmem|       pointer|
|m_axi_gmem_AWCACHE   |  out|    4|       m_axi|                                    gmem|       pointer|
|m_axi_gmem_AWPROT    |  out|    3|       m_axi|                                    gmem|       pointer|
|m_axi_gmem_AWQOS     |  out|    4|       m_axi|                                    gmem|       pointer|
|m_axi_gmem_AWREGION  |  out|    4|       m_axi|                                    gmem|       pointer|
|m_axi_gmem_AWUSER    |  out|    1|       m_axi|                                    gmem|       pointer|
|m_axi_gmem_WVALID    |  out|    1|       m_axi|                                    gmem|       pointer|
|m_axi_gmem_WREADY    |   in|    1|       m_axi|                                    gmem|       pointer|
|m_axi_gmem_WDATA     |  out|   32|       m_axi|                                    gmem|       pointer|
|m_axi_gmem_WSTRB     |  out|    4|       m_axi|                                    gmem|       pointer|
|m_axi_gmem_WLAST     |  out|    1|       m_axi|                                    gmem|       pointer|
|m_axi_gmem_WID       |  out|    1|       m_axi|                                    gmem|       pointer|
|m_axi_gmem_WUSER     |  out|    1|       m_axi|                                    gmem|       pointer|
|m_axi_gmem_ARVALID   |  out|    1|       m_axi|                                    gmem|       pointer|
|m_axi_gmem_ARREADY   |   in|    1|       m_axi|                                    gmem|       pointer|
|m_axi_gmem_ARADDR    |  out|   64|       m_axi|                                    gmem|       pointer|
|m_axi_gmem_ARID      |  out|    1|       m_axi|                                    gmem|       pointer|
|m_axi_gmem_ARLEN     |  out|   32|       m_axi|                                    gmem|       pointer|
|m_axi_gmem_ARSIZE    |  out|    3|       m_axi|                                    gmem|       pointer|
|m_axi_gmem_ARBURST   |  out|    2|       m_axi|                                    gmem|       pointer|
|m_axi_gmem_ARLOCK    |  out|    2|       m_axi|                                    gmem|       pointer|
|m_axi_gmem_ARCACHE   |  out|    4|       m_axi|                                    gmem|       pointer|
|m_axi_gmem_ARPROT    |  out|    3|       m_axi|                                    gmem|       pointer|
|m_axi_gmem_ARQOS     |  out|    4|       m_axi|                                    gmem|       pointer|
|m_axi_gmem_ARREGION  |  out|    4|       m_axi|                                    gmem|       pointer|
|m_axi_gmem_ARUSER    |  out|    1|       m_axi|                                    gmem|       pointer|
|m_axi_gmem_RVALID    |   in|    1|       m_axi|                                    gmem|       pointer|
|m_axi_gmem_RREADY    |  out|    1|       m_axi|                                    gmem|       pointer|
|m_axi_gmem_RDATA     |   in|   32|       m_axi|                                    gmem|       pointer|
|m_axi_gmem_RLAST     |   in|    1|       m_axi|                                    gmem|       pointer|
|m_axi_gmem_RID       |   in|    1|       m_axi|                                    gmem|       pointer|
|m_axi_gmem_RFIFONUM  |   in|    9|       m_axi|                                    gmem|       pointer|
|m_axi_gmem_RUSER     |   in|    1|       m_axi|                                    gmem|       pointer|
|m_axi_gmem_RRESP     |   in|    2|       m_axi|                                    gmem|       pointer|
|m_axi_gmem_BVALID    |   in|    1|       m_axi|                                    gmem|       pointer|
|m_axi_gmem_BREADY    |  out|    1|       m_axi|                                    gmem|       pointer|
|m_axi_gmem_BRESP     |   in|    2|       m_axi|                                    gmem|       pointer|
|m_axi_gmem_BID       |   in|    1|       m_axi|                                    gmem|       pointer|
|m_axi_gmem_BUSER     |   in|    1|       m_axi|                                    gmem|       pointer|
|mul_ln3              |   in|   20|     ap_none|                                 mul_ln3|        scalar|
|width                |   in|   10|     ap_none|                                   width|        scalar|
|ypos_cast            |   in|   10|     ap_none|                               ypos_cast|        scalar|
|zext_ln11            |   in|   10|     ap_none|                               zext_ln11|        scalar|
|dst_out              |   in|   64|     ap_none|                                 dst_out|        scalar|
|color                |   in|   32|     ap_none|                                   color|        scalar|
+---------------------+-----+-----+------------+----------------------------------------+--------------+

